<?xml version="1.0" encoding="UTF-8"?>
<testsuite xmlns:xsi="http://www.w3.org/2001/XMLSchema-instance" xsi:noNamespaceSchemaLocation="https://maven.apache.org/surefire/maven-surefire-plugin/xsd/surefire-test-report-3.0.xsd" version="3.0" name="runners.TestRunner" time="210.987" tests="20" errors="0" skipped="0" failures="0">
  <properties>
[...]
</properties>
  <testcase name="Example #1.1" classname="Examples" time="9.734">
    <system-out><![CDATA[
@regression @cart @regression
Scenario Outline: User can add a product to the cart and see correct details &amp#27;[90m# src/test/resources/features/cart.feature:19&amp#27;[0m
  &amp#27;[32mGiven &amp#27;[0m&amp#27;[32mI am logged in as a standard user&amp#27;[0m                                    &amp#27;[90m# stepdefinitions.UiSteps.iAmLoggedInAsAStandardUser()&amp#27;[0m
  &amp#27;[32mWhen &amp#27;[0m&amp#27;[32mI add the product &amp#27;[0m&amp#27;[32m&amp#27;[1m"Sauce Labs Bike Light"&amp#27;[0m&amp#27;[32m to the cart&amp#27;[0m                 &amp#27;[90m# stepdefinitions.UiSteps.i_add_the_product_to_the_cart(java.lang.String)&amp#27;[0m
  &amp#27;[32mAnd &amp#27;[0m&amp#27;[32mI click the &amp#27;[0m&amp#27;[32m&amp#27;[1m"cart"&amp#27;[0m&amp#27;[32m button&amp#27;[0m                                              &amp#27;[90m# stepdefinitions.UiSteps.i_click_the_button(java.lang.String)&amp#27;[0m
  &amp#27;[32mThen &amp#27;[0m&amp#27;[32mI should see &amp#27;[0m&amp#27;[32m&amp#27;[1m"Sauce Labs Bike Light"&amp#27;[0m&amp#27;[32m in the cart&amp#27;[0m                      &amp#27;[90m# stepdefinitions.UiSteps.iShouldSeeInTheCart(java.lang.String)&amp#27;[0m
  &amp#27;[32mAnd &amp#27;[0m&amp#27;[32mThe price for &amp#27;[0m&amp#27;[32m&amp#27;[1m"Sauce Labs Bike Light"&amp#27;[0m&amp#27;[32m should be displayed correctly&amp#27;[0m    &amp#27;[90m# stepdefinitions.UiSteps.thePriceForShouldBeDisplayedCorrectly(java.lang.String)&amp#27;[0m
  &amp#27;[32mAnd &amp#27;[0m&amp#27;[32mThe "Remove" button should be visible for &amp#27;[0m&amp#27;[32m&amp#27;[1m"Sauce Labs Bike Light"&amp#27;[0m      &amp#27;[90m# stepdefinitions.UiSteps.theRemoveButtonShouldBeVisibleFor(java.lang.String)&amp#27;[0m
]]></system-out>
    <system-err><![CDATA[Juni 10, 2025 9:42:27 AM io.cucumber.junit.platform.engine.DiscoverySelectorResolver warnWhenCucumberFeaturesPropertyIsUsed
WARNUNG: Discovering tests using the cucumber.features property. Other discovery selectors are ignored!
Please request/upvote/sponsor/ect better support for JUnit 5 discovery selectors.
See: https://github.com/cucumber/cucumber-jvm/pull/2498
[main] INFO hooks.Hooks - Environment: [test]
[main] INFO io.github.bonigarcia.wdm.WebDriverManager - Using chromedriver 137.0.7151.68 (resolved driver for Chrome 137)
[main] INFO io.github.bonigarcia.wdm.WebDriverManager - Exporting webdriver.chrome.driver as C:\Users\aslie\.cache\selenium\chromedriver\win64\137.0.7151.68\chromedriver.exe
[main] INFO hooks.Hooks -  Navigated to: https://www.saucedemo.com/
[main] INFO hooks.Hooks -  Scenario PASSED: User can add a product to the cart and see correct details
]]></system-err>
  </testcase>
  <testcase name="Example #1.1" classname="Examples" time="11.255">
    <system-out><![CDATA[
@regression @cart @regression
Scenario Outline: User can remove a product from the cart        &amp#27;[90m# src/test/resources/features/cart.feature:33&amp#27;[0m
  &amp#27;[32mGiven &amp#27;[0m&amp#27;[32mI am logged in as a standard user&amp#27;[0m                        &amp#27;[90m# stepdefinitions.UiSteps.iAmLoggedInAsAStandardUser()&amp#27;[0m
  &amp#27;[32mWhen &amp#27;[0m&amp#27;[32mI add the product &amp#27;[0m&amp#27;[32m&amp#27;[1m"Sauce Labs Bike Light"&amp#27;[0m&amp#27;[32m to the cart&amp#27;[0m     &amp#27;[90m# stepdefinitions.UiSteps.i_add_the_product_to_the_cart(java.lang.String)&amp#27;[0m
  &amp#27;[32mAnd &amp#27;[0m&amp#27;[32mI click the &amp#27;[0m&amp#27;[32m&amp#27;[1m"cart"&amp#27;[0m&amp#27;[32m button&amp#27;[0m                                  &amp#27;[90m# stepdefinitions.UiSteps.i_click_the_button(java.lang.String)&amp#27;[0m
  &amp#27;[32mAnd &amp#27;[0m&amp#27;[32mI remove the product &amp#27;[0m&amp#27;[32m&amp#27;[1m"Sauce Labs Bike Light"&amp#27;[0m&amp#27;[32m from the cart&amp#27;[0m &amp#27;[90m# stepdefinitions.UiSteps.iRemoveTheProductFromTheCart(java.lang.String)&amp#27;[0m
  &amp#27;[32mThen &amp#27;[0m&amp#27;[32mThe cart should be empty&amp#27;[0m                                  &amp#27;[90m# stepdefinitions.UiSteps.theCartShouldBeEmpty()&amp#27;[0m
]]></system-out>
    <system-err><![CDATA[[main] INFO hooks.Hooks - Environment: [test]
[main] INFO io.github.bonigarcia.wdm.WebDriverManager - Using chromedriver 137.0.7151.68 (resolved driver for Chrome 137)
[main] INFO io.github.bonigarcia.wdm.WebDriverManager - Exporting webdriver.chrome.driver as C:\Users\aslie\.cache\selenium\chromedriver\win64\137.0.7151.68\chromedriver.exe
[main] INFO hooks.Hooks -  Navigated to: https://www.saucedemo.com/
[main] INFO hooks.Hooks -  Scenario PASSED: User can remove a product from the cart
]]></system-err>
  </testcase>
  <testcase name="Example #1.1" classname="Examples" time="15.152">
    <system-out><![CDATA[
@regression @regression @order-summary
Scenario Outline: The checkout overview calculations should be correct for various carts &amp#27;[90m# src/test/resources/features/checkout_overview.feature:20&amp#27;[0m
  &amp#27;[32mGiven &amp#27;[0m&amp#27;[32mI am logged in as a standard user&amp#27;[0m                                                &amp#27;[90m# stepdefinitions.UiSteps.iAmLoggedInAsAStandardUser()&amp#27;[0m
  &amp#27;[32mWhen &amp#27;[0m&amp#27;[32mI add the product &amp#27;[0m&amp#27;[32m&amp#27;[1m"Sauce Labs Bike Light"&amp#27;[0m&amp#27;[32m to the cart&amp#27;[0m                             &amp#27;[90m# stepdefinitions.UiSteps.i_add_the_product_to_the_cart(java.lang.String)&amp#27;[0m
  &amp#27;[32mAnd &amp#27;[0m&amp#27;[32mI add the product &amp#27;[0m&amp#27;[32m&amp#27;[1m"Sauce Labs Backpack"&amp#27;[0m&amp#27;[32m to the cart&amp#27;[0m                                &amp#27;[90m# stepdefinitions.UiSteps.i_add_the_product_to_the_cart(java.lang.String)&amp#27;[0m
  &amp#27;[32mAnd &amp#27;[0m&amp#27;[32mI go to the checkout overview page&amp#27;[0m                                                 &amp#27;[90m# stepdefinitions.UiSteps.iGoToTheCheckoutOverviewPage()&amp#27;[0m
  &amp#27;[32mThen &amp#27;[0m&amp#27;[32mThe item total should match the sum of product data&amp#27;[0m                               &amp#27;[90m# stepdefinitions.UiSteps.theItemTotalShouldMatchTheSumOfProductData()&amp#27;[0m
  &amp#27;[32mAnd &amp#27;[0m&amp#27;[32mThe tax should be calculated correctly&amp#27;[0m                                             &amp#27;[90m# stepdefinitions.UiSteps.theTaxShouldBeCalculatedCorrectly()&amp#27;[0m
  &amp#27;[32mAnd &amp#27;[0m&amp#27;[32mThe total price should match the sum of product data and tax&amp#27;[0m                       &amp#27;[90m# stepdefinitions.UiSteps.theTotalPriceShouldMatchTheSumOfProductDataAndTax()&amp#27;[0m
]]></system-out>
    <system-err><![CDATA[[main] INFO hooks.Hooks - Environment: [test]
[main] INFO io.github.bonigarcia.wdm.WebDriverManager - Using chromedriver 137.0.7151.68 (resolved driver for Chrome 137)
[main] INFO io.github.bonigarcia.wdm.WebDriverManager - Exporting webdriver.chrome.driver as C:\Users\aslie\.cache\selenium\chromedriver\win64\137.0.7151.68\chromedriver.exe
[main] INFO hooks.Hooks -  Navigated to: https://www.saucedemo.com/
[main] INFO hooks.Hooks -  Scenario PASSED: The checkout overview calculations should be correct for various carts
]]></system-err>
  </testcase>
  <testcase name="Example #1.1" classname="Examples" time="14.631">
    <system-out><![CDATA[
@regression @product @regression
Scenario Outline: Add and remove single product from cart                &amp#27;[90m# src/test/resources/features/product.feature:19&amp#27;[0m
  &amp#27;[32mGiven &amp#27;[0m&amp#27;[32mI am logged in as a standard user&amp#27;[0m                                &amp#27;[90m# stepdefinitions.UiSteps.iAmLoggedInAsAStandardUser()&amp#27;[0m
  &amp#27;[32mThen &amp#27;[0m&amp#27;[32mI should see the &amp#27;[0m&amp#27;[32m&amp#27;[1m"products"&amp#27;[0m&amp#27;[32m page&amp#27;[0m                                  &amp#27;[90m# stepdefinitions.UiSteps.i_should_see_the_page(java.lang.String)&amp#27;[0m
  &amp#27;[32mWhen &amp#27;[0m&amp#27;[32mI add the product &amp#27;[0m&amp#27;[32m&amp#27;[1m"Sauce Labs Backpack"&amp#27;[0m&amp#27;[32m to the cart&amp#27;[0m               &amp#27;[90m# stepdefinitions.UiSteps.i_add_the_product_to_the_cart(java.lang.String)&amp#27;[0m
  &amp#27;[32mThen &amp#27;[0m&amp#27;[32mthe cart icon should show &amp#27;[0m&amp#27;[32m&amp#27;[1m"1"&amp#27;[0m                                     &amp#27;[90m# stepdefinitions.UiSteps.the_cart_icon_should_show(java.lang.String)&amp#27;[0m
  &amp#27;[32mWhen &amp#27;[0m&amp#27;[32mI remove &amp#27;[0m&amp#27;[32m&amp#27;[1m"Sauce Labs Backpack"&amp#27;[0m&amp#27;[32m from my cart via the products page&amp#27;[0m &amp#27;[90m# stepdefinitions.UiSteps.iRemoveFromMyCartViaTheProductsPage(java.lang.String)&amp#27;[0m
  &amp#27;[32mThen &amp#27;[0m&amp#27;[32mthe cart icon should show &amp#27;[0m&amp#27;[32m&amp#27;[1m"0"&amp#27;[0m                                     &amp#27;[90m# stepdefinitions.UiSteps.the_cart_icon_should_show(java.lang.String)&amp#27;[0m
]]></system-out>
    <system-err><![CDATA[[main] INFO hooks.Hooks - Environment: [test]
[main] INFO io.github.bonigarcia.wdm.WebDriverManager - Using chromedriver 137.0.7151.68 (resolved driver for Chrome 137)
[main] INFO io.github.bonigarcia.wdm.WebDriverManager - Exporting webdriver.chrome.driver as C:\Users\aslie\.cache\selenium\chromedriver\win64\137.0.7151.68\chromedriver.exe
[main] INFO hooks.Hooks -  Navigated to: https://www.saucedemo.com/
[main] INFO hooks.Hooks -  Scenario PASSED: Add and remove single product from cart
]]></system-err>
  </testcase>
  <testcase name="Example #1.2" classname="Examples" time="8.356">
    <system-out><![CDATA[
@regression @cart @regression
Scenario Outline: User can add a product to the cart and see correct details &amp#27;[90m# src/test/resources/features/cart.feature:20&amp#27;[0m
  &amp#27;[32mGiven &amp#27;[0m&amp#27;[32mI am logged in as a standard user&amp#27;[0m                                    &amp#27;[90m# stepdefinitions.UiSteps.iAmLoggedInAsAStandardUser()&amp#27;[0m
  &amp#27;[32mWhen &amp#27;[0m&amp#27;[32mI add the product &amp#27;[0m&amp#27;[32m&amp#27;[1m"Sauce Labs Fleece Jacket"&amp#27;[0m&amp#27;[32m to the cart&amp#27;[0m              &amp#27;[90m# stepdefinitions.UiSteps.i_add_the_product_to_the_cart(java.lang.String)&amp#27;[0m
  &amp#27;[32mAnd &amp#27;[0m&amp#27;[32mI click the &amp#27;[0m&amp#27;[32m&amp#27;[1m"cart"&amp#27;[0m&amp#27;[32m button&amp#27;[0m                                              &amp#27;[90m# stepdefinitions.UiSteps.i_click_the_button(java.lang.String)&amp#27;[0m
  &amp#27;[32mThen &amp#27;[0m&amp#27;[32mI should see &amp#27;[0m&amp#27;[32m&amp#27;[1m"Sauce Labs Fleece Jacket"&amp#27;[0m&amp#27;[32m in the cart&amp#27;[0m                   &amp#27;[90m# stepdefinitions.UiSteps.iShouldSeeInTheCart(java.lang.String)&amp#27;[0m
  &amp#27;[32mAnd &amp#27;[0m&amp#27;[32mThe price for &amp#27;[0m&amp#27;[32m&amp#27;[1m"Sauce Labs Fleece Jacket"&amp#27;[0m&amp#27;[32m should be displayed correctly&amp#27;[0m &amp#27;[90m# stepdefinitions.UiSteps.thePriceForShouldBeDisplayedCorrectly(java.lang.String)&amp#27;[0m
  &amp#27;[32mAnd &amp#27;[0m&amp#27;[32mThe "Remove" button should be visible for &amp#27;[0m&amp#27;[32m&amp#27;[1m"Sauce Labs Fleece Jacket"&amp#27;[0m   &amp#27;[90m# stepdefinitions.UiSteps.theRemoveButtonShouldBeVisibleFor(java.lang.String)&amp#27;[0m
]]></system-out>
    <system-err><![CDATA[[main] INFO hooks.Hooks - Environment: [test]
[main] INFO io.github.bonigarcia.wdm.WebDriverManager - Using chromedriver 137.0.7151.68 (resolved driver for Chrome 137)
[main] INFO io.github.bonigarcia.wdm.WebDriverManager - Exporting webdriver.chrome.driver as C:\Users\aslie\.cache\selenium\chromedriver\win64\137.0.7151.68\chromedriver.exe
[main] INFO hooks.Hooks -  Navigated to: https://www.saucedemo.com/
[main] INFO hooks.Hooks -  Scenario PASSED: User can add a product to the cart and see correct details
]]></system-err>
  </testcase>
  <testcase name="Example #1.2" classname="Examples" time="11.287">
    <system-out><![CDATA[
@regression @cart @regression
Scenario Outline: User can remove a product from the cart           &amp#27;[90m# src/test/resources/features/cart.feature:34&amp#27;[0m
  &amp#27;[32mGiven &amp#27;[0m&amp#27;[32mI am logged in as a standard user&amp#27;[0m                           &amp#27;[90m# stepdefinitions.UiSteps.iAmLoggedInAsAStandardUser()&amp#27;[0m
  &amp#27;[32mWhen &amp#27;[0m&amp#27;[32mI add the product &amp#27;[0m&amp#27;[32m&amp#27;[1m"Sauce Labs Fleece Jacket"&amp#27;[0m&amp#27;[32m to the cart&amp#27;[0m     &amp#27;[90m# stepdefinitions.UiSteps.i_add_the_product_to_the_cart(java.lang.String)&amp#27;[0m
  &amp#27;[32mAnd &amp#27;[0m&amp#27;[32mI click the &amp#27;[0m&amp#27;[32m&amp#27;[1m"cart"&amp#27;[0m&amp#27;[32m button&amp#27;[0m                                     &amp#27;[90m# stepdefinitions.UiSteps.i_click_the_button(java.lang.String)&amp#27;[0m
  &amp#27;[32mAnd &amp#27;[0m&amp#27;[32mI remove the product &amp#27;[0m&amp#27;[32m&amp#27;[1m"Sauce Labs Fleece Jacket"&amp#27;[0m&amp#27;[32m from the cart&amp#27;[0m &amp#27;[90m# stepdefinitions.UiSteps.iRemoveTheProductFromTheCart(java.lang.String)&amp#27;[0m
  &amp#27;[32mThen &amp#27;[0m&amp#27;[32mThe cart should be empty&amp#27;[0m                                     &amp#27;[90m# stepdefinitions.UiSteps.theCartShouldBeEmpty()&amp#27;[0m
]]></system-out>
    <system-err><![CDATA[[main] INFO hooks.Hooks - Environment: [test]
[main] INFO io.github.bonigarcia.wdm.WebDriverManager - Using chromedriver 137.0.7151.68 (resolved driver for Chrome 137)
[main] INFO io.github.bonigarcia.wdm.WebDriverManager - Exporting webdriver.chrome.driver as C:\Users\aslie\.cache\selenium\chromedriver\win64\137.0.7151.68\chromedriver.exe
[main] INFO hooks.Hooks -  Navigated to: https://www.saucedemo.com/
[main] INFO hooks.Hooks -  Scenario PASSED: User can remove a product from the cart
]]></system-err>
  </testcase>
  <testcase name="Example #1.2" classname="Examples" time="15.347">
    <system-out><![CDATA[
@regression @regression @order-summary
Scenario Outline: The checkout overview calculations should be correct for various carts &amp#27;[90m# src/test/resources/features/checkout_overview.feature:21&amp#27;[0m
  &amp#27;[32mGiven &amp#27;[0m&amp#27;[32mI am logged in as a standard user&amp#27;[0m                                                &amp#27;[90m# stepdefinitions.UiSteps.iAmLoggedInAsAStandardUser()&amp#27;[0m
  &amp#27;[32mWhen &amp#27;[0m&amp#27;[32mI add the product &amp#27;[0m&amp#27;[32m&amp#27;[1m"Sauce Labs Bolt T-Shirt"&amp#27;[0m&amp#27;[32m to the cart&amp#27;[0m                           &amp#27;[90m# stepdefinitions.UiSteps.i_add_the_product_to_the_cart(java.lang.String)&amp#27;[0m
  &amp#27;[32mAnd &amp#27;[0m&amp#27;[32mI add the product &amp#27;[0m&amp#27;[32m&amp#27;[1m"Sauce Labs Fleece Jacket"&amp#27;[0m&amp#27;[32m to the cart&amp#27;[0m                           &amp#27;[90m# stepdefinitions.UiSteps.i_add_the_product_to_the_cart(java.lang.String)&amp#27;[0m
  &amp#27;[32mAnd &amp#27;[0m&amp#27;[32mI go to the checkout overview page&amp#27;[0m                                                 &amp#27;[90m# stepdefinitions.UiSteps.iGoToTheCheckoutOverviewPage()&amp#27;[0m
  &amp#27;[32mThen &amp#27;[0m&amp#27;[32mThe item total should match the sum of product data&amp#27;[0m                               &amp#27;[90m# stepdefinitions.UiSteps.theItemTotalShouldMatchTheSumOfProductData()&amp#27;[0m
  &amp#27;[32mAnd &amp#27;[0m&amp#27;[32mThe tax should be calculated correctly&amp#27;[0m                                             &amp#27;[90m# stepdefinitions.UiSteps.theTaxShouldBeCalculatedCorrectly()&amp#27;[0m
  &amp#27;[32mAnd &amp#27;[0m&amp#27;[32mThe total price should match the sum of product data and tax&amp#27;[0m                       &amp#27;[90m# stepdefinitions.UiSteps.theTotalPriceShouldMatchTheSumOfProductDataAndTax()&amp#27;[0m
]]></system-out>
    <system-err><![CDATA[[main] INFO hooks.Hooks - Environment: [test]
[main] INFO io.github.bonigarcia.wdm.WebDriverManager - Using chromedriver 137.0.7151.68 (resolved driver for Chrome 137)
[main] INFO io.github.bonigarcia.wdm.WebDriverManager - Exporting webdriver.chrome.driver as C:\Users\aslie\.cache\selenium\chromedriver\win64\137.0.7151.68\chromedriver.exe
[main] INFO hooks.Hooks -  Navigated to: https://www.saucedemo.com/
[main] INFO hooks.Hooks -  Scenario PASSED: The checkout overview calculations should be correct for various carts
]]></system-err>
  </testcase>
  <testcase name="Example #1.2" classname="Examples" time="14.519">
    <system-out><![CDATA[
@regression @product @regression
Scenario Outline: Add and remove single product from cart                  &amp#27;[90m# src/test/resources/features/product.feature:20&amp#27;[0m
  &amp#27;[32mGiven &amp#27;[0m&amp#27;[32mI am logged in as a standard user&amp#27;[0m                                  &amp#27;[90m# stepdefinitions.UiSteps.iAmLoggedInAsAStandardUser()&amp#27;[0m
  &amp#27;[32mThen &amp#27;[0m&amp#27;[32mI should see the &amp#27;[0m&amp#27;[32m&amp#27;[1m"products"&amp#27;[0m&amp#27;[32m page&amp#27;[0m                                    &amp#27;[90m# stepdefinitions.UiSteps.i_should_see_the_page(java.lang.String)&amp#27;[0m
  &amp#27;[32mWhen &amp#27;[0m&amp#27;[32mI add the product &amp#27;[0m&amp#27;[32m&amp#27;[1m"Sauce Labs Bike Light"&amp#27;[0m&amp#27;[32m to the cart&amp#27;[0m               &amp#27;[90m# stepdefinitions.UiSteps.i_add_the_product_to_the_cart(java.lang.String)&amp#27;[0m
  &amp#27;[32mThen &amp#27;[0m&amp#27;[32mthe cart icon should show &amp#27;[0m&amp#27;[32m&amp#27;[1m"1"&amp#27;[0m                                       &amp#27;[90m# stepdefinitions.UiSteps.the_cart_icon_should_show(java.lang.String)&amp#27;[0m
  &amp#27;[32mWhen &amp#27;[0m&amp#27;[32mI remove &amp#27;[0m&amp#27;[32m&amp#27;[1m"Sauce Labs Bike Light"&amp#27;[0m&amp#27;[32m from my cart via the products page&amp#27;[0m &amp#27;[90m# stepdefinitions.UiSteps.iRemoveFromMyCartViaTheProductsPage(java.lang.String)&amp#27;[0m
  &amp#27;[32mThen &amp#27;[0m&amp#27;[32mthe cart icon should show &amp#27;[0m&amp#27;[32m&amp#27;[1m"0"&amp#27;[0m                                       &amp#27;[90m# stepdefinitions.UiSteps.the_cart_icon_should_show(java.lang.String)&amp#27;[0m
]]></system-out>
    <system-err><![CDATA[[main] INFO hooks.Hooks - Environment: [test]
[main] INFO io.github.bonigarcia.wdm.WebDriverManager - Using chromedriver 137.0.7151.68 (resolved driver for Chrome 137)
[main] INFO io.github.bonigarcia.wdm.WebDriverManager - Exporting webdriver.chrome.driver as C:\Users\aslie\.cache\selenium\chromedriver\win64\137.0.7151.68\chromedriver.exe
[main] INFO hooks.Hooks -  Navigated to: https://www.saucedemo.com/
[main] INFO hooks.Hooks -  Scenario PASSED: Add and remove single product from cart
]]></system-err>
  </testcase>
  <testcase name="Example #1.3" classname="Examples" time="14.618">
    <system-out><![CDATA[
@regression @product @regression
Scenario Outline: Add and remove single product from cart                    &amp#27;[90m# src/test/resources/features/product.feature:21&amp#27;[0m
  &amp#27;[32mGiven &amp#27;[0m&amp#27;[32mI am logged in as a standard user&amp#27;[0m                                    &amp#27;[90m# stepdefinitions.UiSteps.iAmLoggedInAsAStandardUser()&amp#27;[0m
  &amp#27;[32mThen &amp#27;[0m&amp#27;[32mI should see the &amp#27;[0m&amp#27;[32m&amp#27;[1m"products"&amp#27;[0m&amp#27;[32m page&amp#27;[0m                                      &amp#27;[90m# stepdefinitions.UiSteps.i_should_see_the_page(java.lang.String)&amp#27;[0m
  &amp#27;[32mWhen &amp#27;[0m&amp#27;[32mI add the product &amp#27;[0m&amp#27;[32m&amp#27;[1m"Sauce Labs Bolt T-Shirt"&amp#27;[0m&amp#27;[32m to the cart&amp#27;[0m               &amp#27;[90m# stepdefinitions.UiSteps.i_add_the_product_to_the_cart(java.lang.String)&amp#27;[0m
  &amp#27;[32mThen &amp#27;[0m&amp#27;[32mthe cart icon should show &amp#27;[0m&amp#27;[32m&amp#27;[1m"1"&amp#27;[0m                                         &amp#27;[90m# stepdefinitions.UiSteps.the_cart_icon_should_show(java.lang.String)&amp#27;[0m
  &amp#27;[32mWhen &amp#27;[0m&amp#27;[32mI remove &amp#27;[0m&amp#27;[32m&amp#27;[1m"Sauce Labs Bolt T-Shirt"&amp#27;[0m&amp#27;[32m from my cart via the products page&amp#27;[0m &amp#27;[90m# stepdefinitions.UiSteps.iRemoveFromMyCartViaTheProductsPage(java.lang.String)&amp#27;[0m
  &amp#27;[32mThen &amp#27;[0m&amp#27;[32mthe cart icon should show &amp#27;[0m&amp#27;[32m&amp#27;[1m"0"&amp#27;[0m                                         &amp#27;[90m# stepdefinitions.UiSteps.the_cart_icon_should_show(java.lang.String)&amp#27;[0m
]]></system-out>
    <system-err><![CDATA[[main] INFO hooks.Hooks - Environment: [test]
[main] INFO io.github.bonigarcia.wdm.WebDriverManager - Using chromedriver 137.0.7151.68 (resolved driver for Chrome 137)
[main] INFO io.github.bonigarcia.wdm.WebDriverManager - Exporting webdriver.chrome.driver as C:\Users\aslie\.cache\selenium\chromedriver\win64\137.0.7151.68\chromedriver.exe
[main] INFO hooks.Hooks -  Navigated to: https://www.saucedemo.com/
[main] INFO hooks.Hooks -  Scenario PASSED: Add and remove single product from cart
]]></system-err>
  </testcase>
  <testcase name="Cart is empty if no product is added" classname="Cart state with no products" time="9.001">
    <system-out><![CDATA[
@regression @cart @regression
Scenario: Cart is empty if no product is added &amp#27;[90m# src/test/resources/features/cart.feature:39&amp#27;[0m
  &amp#27;[32mGiven &amp#27;[0m&amp#27;[32mI am logged in as a standard user&amp#27;[0m      &amp#27;[90m# stepdefinitions.UiSteps.iAmLoggedInAsAStandardUser()&amp#27;[0m
  &amp#27;[32mWhen &amp#27;[0m&amp#27;[32mI click the &amp#27;[0m&amp#27;[32m&amp#27;[1m"cart"&amp#27;[0m&amp#27;[32m button&amp#27;[0m               &amp#27;[90m# stepdefinitions.UiSteps.i_click_the_button(java.lang.String)&amp#27;[0m
  &amp#27;[32mThen &amp#27;[0m&amp#27;[32mThe cart should be empty&amp#27;[0m                &amp#27;[90m# stepdefinitions.UiSteps.theCartShouldBeEmpty()&amp#27;[0m
]]></system-out>
    <system-err><![CDATA[[main] INFO hooks.Hooks - Environment: [test]
[main] INFO io.github.bonigarcia.wdm.WebDriverManager - Using chromedriver 137.0.7151.68 (resolved driver for Chrome 137)
[main] INFO io.github.bonigarcia.wdm.WebDriverManager - Exporting webdriver.chrome.driver as C:\Users\aslie\.cache\selenium\chromedriver\win64\137.0.7151.68\chromedriver.exe
[main] INFO hooks.Hooks -  Navigated to: https://www.saucedemo.com/
[main] INFO hooks.Hooks -  Scenario PASSED: Cart is empty if no product is added
]]></system-err>
  </testcase>
  <testcase name="User completes checkout information with valid data" classname="Completing checkout information" time="12.882">
    <system-out><![CDATA[
@regression @regression
Scenario: User completes checkout information with valid data &amp#27;[90m# src/test/resources/features/checkout_information.feature:16&amp#27;[0m
  &amp#27;[32mGiven &amp#27;[0m&amp#27;[32mI am logged in as a standard user&amp#27;[0m                     &amp#27;[90m# stepdefinitions.UiSteps.iAmLoggedInAsAStandardUser()&amp#27;[0m
  &amp#27;[32mThen &amp#27;[0m&amp#27;[32mI should see the &amp#27;[0m&amp#27;[32m&amp#27;[1m"products"&amp#27;[0m&amp#27;[32m page&amp#27;[0m                       &amp#27;[90m# stepdefinitions.UiSteps.i_should_see_the_page(java.lang.String)&amp#27;[0m
  &amp#27;[32mWhen &amp#27;[0m&amp#27;[32mI add the product &amp#27;[0m&amp#27;[32m&amp#27;[1m"Sauce Labs Bike Light"&amp#27;[0m&amp#27;[32m to the cart&amp#27;[0m  &amp#27;[90m# stepdefinitions.UiSteps.i_add_the_product_to_the_cart(java.lang.String)&amp#27;[0m
  &amp#27;[32mAnd &amp#27;[0m&amp#27;[32mI click the &amp#27;[0m&amp#27;[32m&amp#27;[1m"cart"&amp#27;[0m&amp#27;[32m button&amp#27;[0m                               &amp#27;[90m# stepdefinitions.UiSteps.i_click_the_button(java.lang.String)&amp#27;[0m
  &amp#27;[32mThen &amp#27;[0m&amp#27;[32mI should see the &amp#27;[0m&amp#27;[32m&amp#27;[1m"Cart"&amp#27;[0m&amp#27;[32m page&amp#27;[0m                           &amp#27;[90m# stepdefinitions.UiSteps.i_should_see_the_page(java.lang.String)&amp#27;[0m
  &amp#27;[32mWhen &amp#27;[0m&amp#27;[32mI click the &amp#27;[0m&amp#27;[32m&amp#27;[1m"Checkout"&amp#27;[0m&amp#27;[32m button&amp#27;[0m                          &amp#27;[90m# stepdefinitions.UiSteps.i_click_the_button(java.lang.String)&amp#27;[0m
  &amp#27;[32mThen &amp#27;[0m&amp#27;[32mI should see the &amp#27;[0m&amp#27;[32m&amp#27;[1m"Checkout: Your Information"&amp#27;[0m&amp#27;[32m page&amp#27;[0m     &amp#27;[90m# stepdefinitions.UiSteps.i_should_see_the_page(java.lang.String)&amp#27;[0m
  &amp#27;[32mWhen &amp#27;[0m&amp#27;[32mI fill in the checkout form with valid data&amp#27;[0m            &amp#27;[90m# stepdefinitions.UiSteps.iFillInTheCheckoutFormWithValidData()&amp#27;[0m
  &amp#27;[32mAnd &amp#27;[0m&amp#27;[32mI click the &amp#27;[0m&amp#27;[32m&amp#27;[1m"Continue"&amp#27;[0m&amp#27;[32m button&amp#27;[0m                           &amp#27;[90m# stepdefinitions.UiSteps.i_click_the_button(java.lang.String)&amp#27;[0m
  &amp#27;[32mThen &amp#27;[0m&amp#27;[32mI should see the &amp#27;[0m&amp#27;[32m&amp#27;[1m"Checkout: Overview"&amp#27;[0m&amp#27;[32m page&amp#27;[0m             &amp#27;[90m# stepdefinitions.UiSteps.i_should_see_the_page(java.lang.String)&amp#27;[0m
]]></system-out>
    <system-err><![CDATA[[main] INFO hooks.Hooks - Environment: [test]
[main] INFO io.github.bonigarcia.wdm.WebDriverManager - Using chromedriver 137.0.7151.68 (resolved driver for Chrome 137)
[main] INFO io.github.bonigarcia.wdm.WebDriverManager - Exporting webdriver.chrome.driver as C:\Users\aslie\.cache\selenium\chromedriver\win64\137.0.7151.68\chromedriver.exe
[main] INFO hooks.Hooks -  Navigated to: https://www.saucedemo.com/
[main] INFO hooks.Hooks -  Scenario PASSED: User completes checkout information with valid data
]]></system-err>
  </testcase>
  <testcase name="The correct products are listed in the order summary" classname="Order summary details" time="12.711">
    <system-out><![CDATA[
@regression @regression @order-summary
Scenario: The correct products are listed in the order summary     &amp#27;[90m# src/test/resources/features/checkout_overview.feature:26&amp#27;[0m
  &amp#27;[32mGiven &amp#27;[0m&amp#27;[32mI am logged in as a standard user&amp#27;[0m                          &amp#27;[90m# stepdefinitions.UiSteps.iAmLoggedInAsAStandardUser()&amp#27;[0m
  &amp#27;[32mWhen &amp#27;[0m&amp#27;[32mI add the product &amp#27;[0m&amp#27;[32m&amp#27;[1m"Sauce Labs Bike Light"&amp#27;[0m&amp#27;[32m to the cart&amp#27;[0m       &amp#27;[90m# stepdefinitions.UiSteps.i_add_the_product_to_the_cart(java.lang.String)&amp#27;[0m
  &amp#27;[32mAnd &amp#27;[0m&amp#27;[32mI go to the checkout overview page&amp#27;[0m                           &amp#27;[90m# stepdefinitions.UiSteps.iGoToTheCheckoutOverviewPage()&amp#27;[0m
  &amp#27;[32mThen &amp#27;[0m&amp#27;[32mI should see &amp#27;[0m&amp#27;[32m&amp#27;[1m"Sauce Labs Bike Light"&amp#27;[0m&amp#27;[32m in the product summary&amp#27;[0m &amp#27;[90m# stepdefinitions.UiSteps.i_should_see_product_in_summary(java.lang.String)&amp#27;[0m
]]></system-out>
    <system-err><![CDATA[[main] INFO hooks.Hooks - Environment: [test]
[main] INFO io.github.bonigarcia.wdm.WebDriverManager - Using chromedriver 137.0.7151.68 (resolved driver for Chrome 137)
[main] INFO io.github.bonigarcia.wdm.WebDriverManager - Exporting webdriver.chrome.driver as C:\Users\aslie\.cache\selenium\chromedriver\win64\137.0.7151.68\chromedriver.exe
[main] INFO hooks.Hooks -  Navigated to: https://www.saucedemo.com/
[main] INFO hooks.Hooks -  Scenario PASSED: The correct products are listed in the order summary
]]></system-err>
  </testcase>
  <testcase name="The payment information should be correct" classname="Order summary details" time="12.86">
    <system-out><![CDATA[
@regression @regression @order-summary
Scenario: The payment information should be correct          &amp#27;[90m# src/test/resources/features/checkout_overview.feature:32&amp#27;[0m
  &amp#27;[32mGiven &amp#27;[0m&amp#27;[32mI am logged in as a standard user&amp#27;[0m                    &amp#27;[90m# stepdefinitions.UiSteps.iAmLoggedInAsAStandardUser()&amp#27;[0m
  &amp#27;[32mWhen &amp#27;[0m&amp#27;[32mI add the product &amp#27;[0m&amp#27;[32m&amp#27;[1m"Sauce Labs Bike Light"&amp#27;[0m&amp#27;[32m to the cart&amp#27;[0m &amp#27;[90m# stepdefinitions.UiSteps.i_add_the_product_to_the_cart(java.lang.String)&amp#27;[0m
  &amp#27;[32mAnd &amp#27;[0m&amp#27;[32mI go to the checkout overview page&amp#27;[0m                     &amp#27;[90m# stepdefinitions.UiSteps.iGoToTheCheckoutOverviewPage()&amp#27;[0m
  &amp#27;[32mThen &amp#27;[0m&amp#27;[32mThe payment information should be &amp#27;[0m&amp#27;[32m&amp#27;[1m"SauceCard #31337"&amp#27;[0m  &amp#27;[90m# stepdefinitions.UiSteps.the_payment_information_should_be(java.lang.String)&amp#27;[0m
]]></system-out>
    <system-err><![CDATA[[main] INFO hooks.Hooks - Environment: [test]
[main] INFO io.github.bonigarcia.wdm.WebDriverManager - Using chromedriver 137.0.7151.68 (resolved driver for Chrome 137)
[main] INFO io.github.bonigarcia.wdm.WebDriverManager - Exporting webdriver.chrome.driver as C:\Users\aslie\.cache\selenium\chromedriver\win64\137.0.7151.68\chromedriver.exe
[main] INFO hooks.Hooks -  Navigated to: https://www.saucedemo.com/
[main] INFO hooks.Hooks -  Scenario PASSED: The payment information should be correct
]]></system-err>
  </testcase>
  <testcase name="The shipping information should be correct" classname="Order summary details" time="12.721">
    <system-out><![CDATA[
@regression @regression @order-summary
Scenario: The shipping information should be correct                    &amp#27;[90m# src/test/resources/features/checkout_overview.feature:38&amp#27;[0m
  &amp#27;[32mGiven &amp#27;[0m&amp#27;[32mI am logged in as a standard user&amp#27;[0m                               &amp#27;[90m# stepdefinitions.UiSteps.iAmLoggedInAsAStandardUser()&amp#27;[0m
  &amp#27;[32mWhen &amp#27;[0m&amp#27;[32mI add the product &amp#27;[0m&amp#27;[32m&amp#27;[1m"Sauce Labs Bike Light"&amp#27;[0m&amp#27;[32m to the cart&amp#27;[0m            &amp#27;[90m# stepdefinitions.UiSteps.i_add_the_product_to_the_cart(java.lang.String)&amp#27;[0m
  &amp#27;[32mAnd &amp#27;[0m&amp#27;[32mI go to the checkout overview page&amp#27;[0m                                &amp#27;[90m# stepdefinitions.UiSteps.iGoToTheCheckoutOverviewPage()&amp#27;[0m
  &amp#27;[32mThen &amp#27;[0m&amp#27;[32mThe shipping information should be &amp#27;[0m&amp#27;[32m&amp#27;[1m"Free Pony Express Delivery!"&amp#27;[0m &amp#27;[90m# stepdefinitions.UiSteps.the_shipping_information_should_be(java.lang.String)&amp#27;[0m
]]></system-out>
    <system-err><![CDATA[[main] INFO hooks.Hooks - Environment: [test]
[main] INFO io.github.bonigarcia.wdm.WebDriverManager - Using chromedriver 137.0.7151.68 (resolved driver for Chrome 137)
[main] INFO io.github.bonigarcia.wdm.WebDriverManager - Exporting webdriver.chrome.driver as C:\Users\aslie\.cache\selenium\chromedriver\win64\137.0.7151.68\chromedriver.exe
[main] INFO hooks.Hooks -  Navigated to: https://www.saucedemo.com/
[main] INFO hooks.Hooks -  Scenario PASSED: The shipping information should be correct
]]></system-err>
  </testcase>
  <testcase name="User should be able to complete the order" classname="Completing the order" time="14.846">
    <system-out><![CDATA[
@regression @regression @order-summary
Scenario: User should be able to complete the order          &amp#27;[90m# src/test/resources/features/checkout_overview.feature:46&amp#27;[0m
  &amp#27;[32mGiven &amp#27;[0m&amp#27;[32mI am logged in as a standard user&amp#27;[0m                    &amp#27;[90m# stepdefinitions.UiSteps.iAmLoggedInAsAStandardUser()&amp#27;[0m
  &amp#27;[32mWhen &amp#27;[0m&amp#27;[32mI add the product &amp#27;[0m&amp#27;[32m&amp#27;[1m"Sauce Labs Bike Light"&amp#27;[0m&amp#27;[32m to the cart&amp#27;[0m &amp#27;[90m# stepdefinitions.UiSteps.i_add_the_product_to_the_cart(java.lang.String)&amp#27;[0m
  &amp#27;[32mAnd &amp#27;[0m&amp#27;[32mI go to the checkout overview page&amp#27;[0m                     &amp#27;[90m# stepdefinitions.UiSteps.iGoToTheCheckoutOverviewPage()&amp#27;[0m
  &amp#27;[32mAnd &amp#27;[0m&amp#27;[32mI click the &amp#27;[0m&amp#27;[32m&amp#27;[1m"Finish"&amp#27;[0m&amp#27;[32m button&amp#27;[0m                            &amp#27;[90m# stepdefinitions.UiSteps.i_click_the_button(java.lang.String)&amp#27;[0m
  &amp#27;[32mThen &amp#27;[0m&amp#27;[32mI should see the &amp#27;[0m&amp#27;[32m&amp#27;[1m"Checkout: Complete"&amp#27;[0m&amp#27;[32m page&amp#27;[0m            &amp#27;[90m# stepdefinitions.UiSteps.i_should_see_the_page(java.lang.String)&amp#27;[0m
  &amp#27;[32mAnd &amp#27;[0m&amp#27;[32mI should see a confirmation message&amp#27;[0m                    &amp#27;[90m# stepdefinitions.UiSteps.i_should_see_a_confirmation_message()&amp#27;[0m
]]></system-out>
    <system-err><![CDATA[[main] INFO hooks.Hooks - Environment: [test]
[main] INFO io.github.bonigarcia.wdm.WebDriverManager - Using chromedriver 137.0.7151.68 (resolved driver for Chrome 137)
[main] INFO io.github.bonigarcia.wdm.WebDriverManager - Exporting webdriver.chrome.driver as C:\Users\aslie\.cache\selenium\chromedriver\win64\137.0.7151.68\chromedriver.exe
[main] INFO hooks.Hooks -  Navigated to: https://www.saucedemo.com/
[main] INFO hooks.Hooks -  Scenario PASSED: User should be able to complete the order
]]></system-err>
  </testcase>
  <testcase name="Login with standard user" classname="Valid users should be able to log in" time="3.725">
    <system-out><![CDATA[
@regression @login @regression
Example: Login with standard user                                   &amp#27;[90m# src/test/resources/features/login.feature:10&amp#27;[0m
  &amp#27;[32mGiven &amp#27;[0m&amp#27;[32mI am on the login page&amp#27;[0m                                      &amp#27;[90m# stepdefinitions.UiSteps.i_am_on_the_login_page()&amp#27;[0m
  &amp#27;[32mWhen &amp#27;[0m&amp#27;[32mI enter username &amp#27;[0m&amp#27;[32m&amp#27;[1m"standard_user"&amp#27;[0m&amp#27;[32m and password &amp#27;[0m&amp#27;[32m&amp#27;[1m"secret_sauce"&amp#27;[0m &amp#27;[90m# stepdefinitions.UiSteps.i_enter_username_and_password(java.lang.String,java.lang.String)&amp#27;[0m
  &amp#27;[32mThen &amp#27;[0m&amp#27;[32mI should see the &amp#27;[0m&amp#27;[32m&amp#27;[1m"products"&amp#27;[0m&amp#27;[32m page&amp#27;[0m                             &amp#27;[90m# stepdefinitions.UiSteps.i_should_see_the_page(java.lang.String)&amp#27;[0m
]]></system-out>
    <system-err><![CDATA[[main] INFO hooks.Hooks - Environment: [test]
[main] INFO io.github.bonigarcia.wdm.WebDriverManager - Using chromedriver 137.0.7151.68 (resolved driver for Chrome 137)
[main] INFO io.github.bonigarcia.wdm.WebDriverManager - Exporting webdriver.chrome.driver as C:\Users\aslie\.cache\selenium\chromedriver\win64\137.0.7151.68\chromedriver.exe
[main] INFO hooks.Hooks -  Navigated to: https://www.saucedemo.com/
[main] INFO hooks.Hooks -  Scenario PASSED: Login with standard user
]]></system-err>
  </testcase>
  <testcase name="Login with locked out user" classname="Invalid users should not be able to log in" time="5.526">
    <system-out><![CDATA[
@regression @login @regression
Example: Login with locked out user                                   &amp#27;[90m# src/test/resources/features/login.feature:17&amp#27;[0m
  &amp#27;[32mGiven &amp#27;[0m&amp#27;[32mI am on the login page&amp#27;[0m                                        &amp#27;[90m# stepdefinitions.UiSteps.i_am_on_the_login_page()&amp#27;[0m
  &amp#27;[32mWhen &amp#27;[0m&amp#27;[32mI enter username &amp#27;[0m&amp#27;[32m&amp#27;[1m"locked_out_user"&amp#27;[0m&amp#27;[32m and password &amp#27;[0m&amp#27;[32m&amp#27;[1m"secret_sauce"&amp#27;[0m &amp#27;[90m# stepdefinitions.UiSteps.i_enter_username_and_password(java.lang.String,java.lang.String)&amp#27;[0m
  &amp#27;[32mThen &amp#27;[0m&amp#27;[32mI should see the &amp#27;[0m&amp#27;[32m&amp#27;[1m"locked out user"&amp#27;[0m&amp#27;[32m error message&amp#27;[0m               &amp#27;[90m# stepdefinitions.UiSteps.iShouldSeeTheErrorMessage(java.lang.String)&amp#27;[0m
]]></system-out>
    <system-err><![CDATA[[main] INFO hooks.Hooks - Environment: [test]
[main] INFO io.github.bonigarcia.wdm.WebDriverManager - Using chromedriver 137.0.7151.68 (resolved driver for Chrome 137)
[main] INFO io.github.bonigarcia.wdm.WebDriverManager - Exporting webdriver.chrome.driver as C:\Users\aslie\.cache\selenium\chromedriver\win64\137.0.7151.68\chromedriver.exe
[main] INFO hooks.Hooks -  Navigated to: https://www.saucedemo.com/
[main] INFO hooks.Hooks -  Scenario PASSED: Login with locked out user
]]></system-err>
  </testcase>
  <testcase name="Login with wrong username and password" classname="Invalid users should not be able to log in" time="3.729">
    <system-out><![CDATA[
@regression @login
Example: Login with wrong username and password                &amp#27;[90m# src/test/resources/features/login.feature:21&amp#27;[0m
  &amp#27;[32mGiven &amp#27;[0m&amp#27;[32mI am on the login page&amp#27;[0m                                 &amp#27;[90m# stepdefinitions.UiSteps.i_am_on_the_login_page()&amp#27;[0m
  &amp#27;[32mWhen &amp#27;[0m&amp#27;[32mI enter username &amp#27;[0m&amp#27;[32m&amp#27;[1m"wrong_user"&amp#27;[0m&amp#27;[32m and password &amp#27;[0m&amp#27;[32m&amp#27;[1m"wrong_pass"&amp#27;[0m &amp#27;[90m# stepdefinitions.UiSteps.i_enter_username_and_password(java.lang.String,java.lang.String)&amp#27;[0m
  &amp#27;[32mThen &amp#27;[0m&amp#27;[32mI should see the &amp#27;[0m&amp#27;[32m&amp#27;[1m"invalid credentials"&amp#27;[0m&amp#27;[32m error message&amp#27;[0m    &amp#27;[90m# stepdefinitions.UiSteps.iShouldSeeTheErrorMessage(java.lang.String)&amp#27;[0m
]]></system-out>
    <system-err><![CDATA[[main] INFO hooks.Hooks - Environment: [test]
[main] INFO io.github.bonigarcia.wdm.WebDriverManager - Using chromedriver 137.0.7151.68 (resolved driver for Chrome 137)
[main] INFO io.github.bonigarcia.wdm.WebDriverManager - Exporting webdriver.chrome.driver as C:\Users\aslie\.cache\selenium\chromedriver\win64\137.0.7151.68\chromedriver.exe
[main] INFO hooks.Hooks -  Navigated to: https://www.saucedemo.com/
[main] INFO hooks.Hooks -  Scenario PASSED: Login with wrong username and password
]]></system-err>
  </testcase>
  <testcase name="Login with empty username" classname="Invalid users should not be able to log in" time="3.623">
    <system-out><![CDATA[
@regression @login
Example: Login with empty username                        &amp#27;[90m# src/test/resources/features/login.feature:25&amp#27;[0m
  &amp#27;[32mGiven &amp#27;[0m&amp#27;[32mI am on the login page&amp#27;[0m                            &amp#27;[90m# stepdefinitions.UiSteps.i_am_on_the_login_page()&amp#27;[0m
  &amp#27;[32mWhen &amp#27;[0m&amp#27;[32mI enter username &amp#27;[0m&amp#27;[32m&amp#27;[1m""&amp#27;[0m&amp#27;[32m and password &amp#27;[0m&amp#27;[32m&amp#27;[1m"secret_sauce"&amp#27;[0m    &amp#27;[90m# stepdefinitions.UiSteps.i_enter_username_and_password(java.lang.String,java.lang.String)&amp#27;[0m
  &amp#27;[32mThen &amp#27;[0m&amp#27;[32mI should see the &amp#27;[0m&amp#27;[32m&amp#27;[1m"username required"&amp#27;[0m&amp#27;[32m error message&amp#27;[0m &amp#27;[90m# stepdefinitions.UiSteps.iShouldSeeTheErrorMessage(java.lang.String)&amp#27;[0m
]]></system-out>
    <system-err><![CDATA[[main] INFO hooks.Hooks - Environment: [test]
[main] INFO io.github.bonigarcia.wdm.WebDriverManager - Using chromedriver 137.0.7151.68 (resolved driver for Chrome 137)
[main] INFO io.github.bonigarcia.wdm.WebDriverManager - Exporting webdriver.chrome.driver as C:\Users\aslie\.cache\selenium\chromedriver\win64\137.0.7151.68\chromedriver.exe
[main] INFO hooks.Hooks -  Navigated to: https://www.saucedemo.com/
[main] INFO hooks.Hooks -  Scenario PASSED: Login with empty username
]]></system-err>
  </testcase>
  <testcase name="Login with empty password" classname="Invalid users should not be able to log in" time="3.762">
    <system-out><![CDATA[
@regression @login
Example: Login with empty password                        &amp#27;[90m# src/test/resources/features/login.feature:29&amp#27;[0m
  &amp#27;[32mGiven &amp#27;[0m&amp#27;[32mI am on the login page&amp#27;[0m                            &amp#27;[90m# stepdefinitions.UiSteps.i_am_on_the_login_page()&amp#27;[0m
  &amp#27;[32mWhen &amp#27;[0m&amp#27;[32mI enter username &amp#27;[0m&amp#27;[32m&amp#27;[1m"standard_user"&amp#27;[0m&amp#27;[32m and password &amp#27;[0m&amp#27;[32m&amp#27;[1m""&amp#27;[0m   &amp#27;[90m# stepdefinitions.UiSteps.i_enter_username_and_password(java.lang.String,java.lang.String)&amp#27;[0m
  &amp#27;[32mThen &amp#27;[0m&amp#27;[32mI should see the &amp#27;[0m&amp#27;[32m&amp#27;[1m"password required"&amp#27;[0m&amp#27;[32m error message&amp#27;[0m &amp#27;[90m# stepdefinitions.UiSteps.iShouldSeeTheErrorMessage(java.lang.String)&amp#27;[0m
]]></system-out>
    <system-err><![CDATA[[main] INFO hooks.Hooks - Environment: [test]
[main] INFO io.github.bonigarcia.wdm.WebDriverManager - Using chromedriver 137.0.7151.68 (resolved driver for Chrome 137)
[main] INFO io.github.bonigarcia.wdm.WebDriverManager - Exporting webdriver.chrome.driver as C:\Users\aslie\.cache\selenium\chromedriver\win64\137.0.7151.68\chromedriver.exe
[main] INFO hooks.Hooks -  Navigated to: https://www.saucedemo.com/
[main] INFO hooks.Hooks -  Scenario PASSED: Login with empty password
]]></system-err>
  </testcase>
</testsuite>